<?xml version="1.0" encoding="UTF-8"?>
<!-- Generated by org.testng.reporters.JUnitReportReporter -->
<testsuite hostname="Anirbans-MacBook-Air.local" failures="0" tests="6" name="Runner.TestRunner" time="73.159" errors="0" timestamp="2022-07-26T15:43:41 IST" skipped="0">
  <testcase classname="Runner.TestRunner" name="runScenario" time="11.447"/>
  <system-out/>
  <testcase classname="Runner.TestRunner" name="runScenario" time="11.739"/>
  <system-out/>
  <testcase classname="Runner.TestRunner" name="runScenario" time="15.576"/>
  <system-out/>
  <testcase classname="Runner.TestRunner" name="runScenario" time="10.652"/>
  <system-out/>
  <testcase classname="Runner.TestRunner" name="runScenario" time="11.784"/>
  <system-out/>
  <testcase classname="Runner.TestRunner" name="runScenario" time="11.961"/>
  <system-out/>
</testsuite> <!-- Runner.TestRunner -->
